[19:02:52] [main/INFO]: Environment: authHost='https://authserver.mojang.com', accountsHost='https://api.mojang.com', sessionHost='https://sessionserver.mojang.com', servicesHost='https://api.minecraftservices.com', name='PROD'
[19:02:53] [main/WARN]: Ambiguity between arguments [teleport, destination] and [teleport, targets] with inputs: [Player, 0123, @e, dd12be42-52a9-4a91-a8a1-11c01849e498]
[19:02:53] [main/WARN]: Ambiguity between arguments [teleport, location] and [teleport, destination] with inputs: [0.1 -0.5 .9, 0 0 0]
[19:02:53] [main/WARN]: Ambiguity between arguments [teleport, location] and [teleport, targets] with inputs: [0.1 -0.5 .9, 0 0 0]
[19:02:53] [main/WARN]: Ambiguity between arguments [teleport, targets] and [teleport, destination] with inputs: [Player, 0123, dd12be42-52a9-4a91-a8a1-11c01849e498]
[19:02:53] [main/WARN]: Ambiguity between arguments [teleport, targets, location] and [teleport, targets, destination] with inputs: [0.1 -0.5 .9, 0 0 0]
[19:02:53] [main/INFO]: Reloading ResourceManager: Default
[19:02:55] [Worker-Main-2/INFO]: Loaded 7 recipes
[19:02:56] [Worker-Main-2/INFO]: Loaded 927 advancements
[19:02:58] [Server thread/INFO]: Starting minecraft server version 1.16.5
[19:02:58] [Server thread/INFO]: Loading properties
[19:02:58] [Server thread/INFO]: Default game type: SURVIVAL
[19:02:58] [Server thread/INFO]: Generating keypair
[19:02:59] [Server thread/INFO]: Starting Minecraft server on *:25565
[19:02:59] [Server thread/INFO]: Using epoll channel type
[19:02:59] [Server thread/WARN]: **** SERVER IS RUNNING IN OFFLINE/INSECURE MODE!
[19:02:59] [Server thread/WARN]: The server will make no attempt to authenticate usernames. Beware.
[19:02:59] [Server thread/WARN]: While this makes the game possible to play without internet access, it also opens up the ability for hackers to connect with any username they choose.
[19:02:59] [Server thread/WARN]: To change this, set "online-mode" to "true" in the server.properties file.
[19:02:59] [Server thread/INFO]: Preparing level "world"
[19:03:07] [Server thread/INFO]: Preparing start region for dimension minecraft:overworld
[19:03:07] [Worker-Main-2/INFO]: Preparing spawn area: 0%
[19:03:07] [Worker-Main-2/INFO]: Preparing spawn area: 0%
[19:03:08] [Worker-Main-2/INFO]: Preparing spawn area: 0%
[19:03:08] [Worker-Main-2/INFO]: Preparing spawn area: 0%
[19:03:09] [Worker-Main-2/INFO]: Preparing spawn area: 0%
[19:03:09] [Worker-Main-2/INFO]: Preparing spawn area: 0%
[19:03:10] [Worker-Main-2/INFO]: Preparing spawn area: 0%
[19:03:10] [Worker-Main-2/INFO]: Preparing spawn area: 1%
[19:03:11] [Worker-Main-2/INFO]: Preparing spawn area: 1%
[19:03:11] [Worker-Main-2/INFO]: Preparing spawn area: 1%
[19:03:12] [Worker-Main-2/INFO]: Preparing spawn area: 2%
[19:03:12] [Worker-Main-2/INFO]: Preparing spawn area: 2%
[19:03:13] [Worker-Main-2/INFO]: Preparing spawn area: 3%
[19:03:13] [Worker-Main-2/INFO]: Preparing spawn area: 3%
[19:03:14] [Worker-Main-2/INFO]: Preparing spawn area: 4%
[19:03:14] [Worker-Main-2/INFO]: Preparing spawn area: 5%
[19:03:15] [Worker-Main-2/INFO]: Preparing spawn area: 6%
[19:03:15] [Worker-Main-2/INFO]: Preparing spawn area: 6%
[19:03:16] [Worker-Main-2/INFO]: Preparing spawn area: 7%
[19:03:16] [Worker-Main-2/INFO]: Preparing spawn area: 9%
[19:03:17] [Worker-Main-2/INFO]: Preparing spawn area: 10%
[19:03:17] [Worker-Main-2/INFO]: Preparing spawn area: 10%
[19:03:18] [Worker-Main-2/INFO]: Preparing spawn area: 12%
[19:03:18] [Worker-Main-2/INFO]: Preparing spawn area: 13%
[19:03:19] [Worker-Main-2/INFO]: Preparing spawn area: 15%
[19:03:19] [Worker-Main-2/INFO]: Preparing spawn area: 16%
[19:03:20] [Worker-Main-2/INFO]: Preparing spawn area: 17%
[19:03:20] [Worker-Main-2/INFO]: Preparing spawn area: 18%
[19:03:21] [Worker-Main-2/INFO]: Preparing spawn area: 19%
[19:03:21] [Worker-Main-2/INFO]: Preparing spawn area: 21%
[19:03:22] [Worker-Main-2/INFO]: Preparing spawn area: 22%
[19:03:22] [Worker-Main-2/INFO]: Preparing spawn area: 23%
[19:03:23] [Worker-Main-2/INFO]: Preparing spawn area: 23%
[19:03:23] [Worker-Main-2/INFO]: Preparing spawn area: 25%
[19:03:24] [Worker-Main-2/INFO]: Preparing spawn area: 26%
[19:03:24] [Worker-Main-2/INFO]: Preparing spawn area: 27%
[19:03:25] [Worker-Main-2/INFO]: Preparing spawn area: 29%
[19:03:25] [Worker-Main-2/INFO]: Preparing spawn area: 29%
[19:03:26] [Worker-Main-2/INFO]: Preparing spawn area: 31%
[19:03:26] [Worker-Main-2/INFO]: Preparing spawn area: 32%
[19:03:27] [Worker-Main-2/INFO]: Preparing spawn area: 34%
[19:03:27] [Worker-Main-2/INFO]: Preparing spawn area: 34%
[19:03:28] [Worker-Main-2/INFO]: Preparing spawn area: 36%
[19:03:28] [Worker-Main-2/INFO]: Preparing spawn area: 38%
[19:03:29] [Worker-Main-2/INFO]: Preparing spawn area: 40%
[19:03:29] [Worker-Main-2/INFO]: Preparing spawn area: 42%
[19:03:30] [Worker-Main-2/INFO]: Preparing spawn area: 42%
[19:03:30] [Worker-Main-2/INFO]: Preparing spawn area: 43%
[19:03:31] [Worker-Main-2/INFO]: Preparing spawn area: 43%
[19:03:31] [Worker-Main-2/INFO]: Preparing spawn area: 46%
[19:03:32] [Worker-Main-2/INFO]: Preparing spawn area: 46%
[19:03:32] [Worker-Main-2/INFO]: Preparing spawn area: 48%
[19:03:33] [Worker-Main-2/INFO]: Preparing spawn area: 50%
[19:03:33] [Worker-Main-2/INFO]: Preparing spawn area: 51%
[19:03:34] [Worker-Main-2/INFO]: Preparing spawn area: 53%
[19:03:34] [Worker-Main-2/INFO]: Preparing spawn area: 54%
[19:03:35] [Worker-Main-2/INFO]: Preparing spawn area: 56%
[19:03:35] [Worker-Main-2/INFO]: Preparing spawn area: 57%
[19:03:36] [Worker-Main-2/INFO]: Preparing spawn area: 58%
[19:03:36] [Worker-Main-2/INFO]: Preparing spawn area: 60%
[19:03:37] [Worker-Main-2/INFO]: Preparing spawn area: 61%
[19:03:37] [Worker-Main-2/INFO]: Preparing spawn area: 62%
[19:03:38] [Worker-Main-2/INFO]: Preparing spawn area: 64%
[19:03:38] [Worker-Main-2/INFO]: Preparing spawn area: 66%
[19:03:39] [Worker-Main-2/INFO]: Preparing spawn area: 68%
[19:03:39] [Worker-Main-2/INFO]: Preparing spawn area: 69%
[19:03:40] [Worker-Main-2/INFO]: Preparing spawn area: 71%
[19:03:40] [Worker-Main-2/INFO]: Preparing spawn area: 72%
[19:03:41] [Worker-Main-2/INFO]: Preparing spawn area: 74%
[19:03:41] [Worker-Main-2/INFO]: Preparing spawn area: 76%
[19:03:42] [Worker-Main-2/INFO]: Preparing spawn area: 77%
[19:03:42] [Worker-Main-2/INFO]: Preparing spawn area: 79%
[19:03:43] [Worker-Main-2/INFO]: Preparing spawn area: 81%
[19:03:43] [Worker-Main-2/INFO]: Preparing spawn area: 83%
[19:03:44] [Worker-Main-2/INFO]: Preparing spawn area: 84%
[19:03:44] [Worker-Main-2/INFO]: Preparing spawn area: 86%
[19:03:45] [Worker-Main-2/INFO]: Preparing spawn area: 87%
[19:03:45] [Worker-Main-2/INFO]: Preparing spawn area: 89%
[19:03:46] [Worker-Main-2/INFO]: Preparing spawn area: 91%
[19:03:46] [Worker-Main-2/INFO]: Preparing spawn area: 92%
[19:03:47] [Worker-Main-2/INFO]: Preparing spawn area: 94%
[19:03:47] [Worker-Main-2/INFO]: Preparing spawn area: 96%
[19:03:48] [Worker-Main-2/INFO]: Preparing spawn area: 97%
[19:03:48] [Server thread/INFO]: Time elapsed: 41256 ms
[19:03:48] [Server thread/INFO]: Done (48.418s)! For help, type "help"
